{"C:\\Users\\RAmsh\\OneDrive\\Desktop\\Blogg\\Blog-App\\my-app\\src\\App.js": {"path":"C:\\Users\\RAmsh\\OneDrive\\Desktop\\Blogg\\Blog-App\\my-app\\src\\App.js","statementMap":{"0":{"start":{"line":12,"column":12},"end":{"line":33,"column":1}},"1":{"start":{"line":13,"column":17},"end":{"line":24,"column":8}},"2":{"start":{"line":26,"column":2},"end":{"line":32,"column":3}}},"fnMap":{"0":{"name":"(anonymous_0)","decl":{"start":{"line":12,"column":12},"end":{"line":12,"column":13}},"loc":{"start":{"line":12,"column":18},"end":{"line":33,"column":1}},"line":12}},"branchMap":{},"s":{"0":1,"1":0,"2":0},"f":{"0":0},"b":{},"_coverageSchema":"1a1c01bbd47fc00a2c39e90264f33305004495a9","hash":"0df8aaf66b9f8c547eb84730fdf705c390472251"}
,"C:\\Users\\RAmsh\\OneDrive\\Desktop\\Blogg\\Blog-App\\my-app\\src\\Sum.js": {"path":"C:\\Users\\RAmsh\\OneDrive\\Desktop\\Blogg\\Blog-App\\my-app\\src\\Sum.js","statementMap":{"0":{"start":{"line":2,"column":4},"end":{"line":2,"column":15}},"1":{"start":{"line":5,"column":0},"end":{"line":5,"column":19}}},"fnMap":{"0":{"name":"sum","decl":{"start":{"line":1,"column":9},"end":{"line":1,"column":12}},"loc":{"start":{"line":1,"column":17},"end":{"line":3,"column":1}},"line":1}},"branchMap":{},"s":{"0":1,"1":1},"f":{"0":1},"b":{},"_coverageSchema":"1a1c01bbd47fc00a2c39e90264f33305004495a9","hash":"d892da0941608b5b3b93b07ac426dc18a79e44f8"}
,"C:\\Users\\RAmsh\\OneDrive\\Desktop\\Blogg\\Blog-App\\my-app\\src\\index.js": {"path":"C:\\Users\\RAmsh\\OneDrive\\Desktop\\Blogg\\Blog-App\\my-app\\src\\index.js","statementMap":{"0":{"start":{"line":9,"column":0},"end":{"line":9,"column":61}},"1":{"start":{"line":9,"column":39},"end":{"line":9,"column":61}},"2":{"start":{"line":10,"column":13},"end":{"line":10,"column":65}},"3":{"start":{"line":11,"column":0},"end":{"line":16,"column":2}}},"fnMap":{},"branchMap":{"0":{"loc":{"start":{"line":9,"column":0},"end":{"line":9,"column":61}},"type":"if","locations":[{"start":{"line":9,"column":0},"end":{"line":9,"column":61}},{"start":{},"end":{}}],"line":9}},"s":{"0":0,"1":0,"2":0,"3":0},"f":{},"b":{"0":[0,0]}}
,"C:\\Users\\RAmsh\\OneDrive\\Desktop\\Blogg\\Blog-App\\my-app\\src\\reportWebVitals.js": {"path":"C:\\Users\\RAmsh\\OneDrive\\Desktop\\Blogg\\Blog-App\\my-app\\src\\reportWebVitals.js","statementMap":{},"fnMap":{},"branchMap":{},"s":{},"f":{},"b":{}}
,"C:\\Users\\RAmsh\\OneDrive\\Desktop\\Blogg\\Blog-App\\my-app\\src\\setupTests.js": {"path":"C:\\Users\\RAmsh\\OneDrive\\Desktop\\Blogg\\Blog-App\\my-app\\src\\setupTests.js","statementMap":{},"fnMap":{},"branchMap":{},"s":{},"f":{},"b":{}}
,"C:\\Users\\RAmsh\\OneDrive\\Desktop\\Blogg\\Blog-App\\my-app\\src\\Blog\\CreatePost.js": {"path":"C:\\Users\\RAmsh\\OneDrive\\Desktop\\Blogg\\Blog-App\\my-app\\src\\Blog\\CreatePost.js","statementMap":{"0":{"start":{"line":5,"column":19},"end":{"line":66,"column":1}},"1":{"start":{"line":6,"column":28},"end":{"line":6,"column":40}},"2":{"start":{"line":7,"column":32},"end":{"line":7,"column":44}},"3":{"start":{"line":8,"column":19},"end":{"line":8,"column":32}},"4":{"start":{"line":10,"column":23},"end":{"line":24,"column":3}},"5":{"start":{"line":11,"column":4},"end":{"line":11,"column":23}},"6":{"start":{"line":12,"column":4},"end":{"line":15,"column":5}},"7":{"start":{"line":13,"column":6},"end":{"line":13,"column":54}},"8":{"start":{"line":14,"column":6},"end":{"line":14,"column":13}},"9":{"start":{"line":17,"column":4},"end":{"line":23,"column":5}},"10":{"start":{"line":18,"column":6},"end":{"line":18,"column":88}},"11":{"start":{"line":19,"column":6},"end":{"line":19,"column":20}},"12":{"start":{"line":21,"column":6},"end":{"line":21,"column":51}},"13":{"start":{"line":22,"column":6},"end":{"line":22,"column":56}},"14":{"start":{"line":26,"column":2},"end":{"line":65,"column":4}},"15":{"start":{"line":37,"column":29},"end":{"line":37,"column":53}},"16":{"start":{"line":48,"column":29},"end":{"line":48,"column":55}},"17":{"start":{"line":56,"column":47},"end":{"line":56,"column":60}}},"fnMap":{"0":{"name":"(anonymous_0)","decl":{"start":{"line":5,"column":19},"end":{"line":5,"column":20}},"loc":{"start":{"line":5,"column":25},"end":{"line":66,"column":1}},"line":5},"1":{"name":"(anonymous_1)","decl":{"start":{"line":10,"column":23},"end":{"line":10,"column":24}},"loc":{"start":{"line":10,"column":36},"end":{"line":24,"column":3}},"line":10},"2":{"name":"(anonymous_2)","decl":{"start":{"line":37,"column":22},"end":{"line":37,"column":23}},"loc":{"start":{"line":37,"column":29},"end":{"line":37,"column":53}},"line":37},"3":{"name":"(anonymous_3)","decl":{"start":{"line":48,"column":22},"end":{"line":48,"column":23}},"loc":{"start":{"line":48,"column":29},"end":{"line":48,"column":55}},"line":48},"4":{"name":"(anonymous_4)","decl":{"start":{"line":56,"column":41},"end":{"line":56,"column":42}},"loc":{"start":{"line":56,"column":47},"end":{"line":56,"column":60}},"line":56}},"branchMap":{"0":{"loc":{"start":{"line":12,"column":4},"end":{"line":15,"column":5}},"type":"if","locations":[{"start":{"line":12,"column":4},"end":{"line":15,"column":5}},{"start":{},"end":{}}],"line":12},"1":{"loc":{"start":{"line":12,"column":8},"end":{"line":12,"column":52}},"type":"binary-expr","locations":[{"start":{"line":12,"column":8},"end":{"line":12,"column":27}},{"start":{"line":12,"column":31},"end":{"line":12,"column":52}}],"line":12}},"s":{"0":2,"1":17,"2":17,"3":17,"4":17,"5":3,"6":3,"7":1,"8":1,"9":2,"10":2,"11":1,"12":1,"13":1,"14":17,"15":4,"16":4,"17":1},"f":{"0":17,"1":3,"2":4,"3":4,"4":1},"b":{"0":[1,2],"1":[3,2]},"_coverageSchema":"1a1c01bbd47fc00a2c39e90264f33305004495a9","hash":"b87f51d4206bd9c9859c2404e76f05943a7e6ead"}
,"C:\\Users\\RAmsh\\OneDrive\\Desktop\\Blogg\\Blog-App\\my-app\\src\\Blog\\EditPost.js": {"path":"C:\\Users\\RAmsh\\OneDrive\\Desktop\\Blogg\\Blog-App\\my-app\\src\\Blog\\EditPost.js","statementMap":{"0":{"start":{"line":5,"column":17},"end":{"line":72,"column":1}},"1":{"start":{"line":6,"column":30},"end":{"line":6,"column":42}},"2":{"start":{"line":7,"column":34},"end":{"line":7,"column":46}},"3":{"start":{"line":8,"column":21},"end":{"line":8,"column":34}},"4":{"start":{"line":9,"column":19},"end":{"line":9,"column":30}},"5":{"start":{"line":11,"column":4},"end":{"line":22,"column":13}},"6":{"start":{"line":12,"column":8},"end":{"line":12,"column":26}},"7":{"start":{"line":14,"column":8},"end":{"line":20,"column":44}},"8":{"start":{"line":17,"column":12},"end":{"line":17,"column":42}},"9":{"start":{"line":18,"column":12},"end":{"line":18,"column":46}},"10":{"start":{"line":20,"column":24},"end":{"line":20,"column":42}},"11":{"start":{"line":24,"column":22},"end":{"line":39,"column":5}},"12":{"start":{"line":25,"column":8},"end":{"line":25,"column":27}},"13":{"start":{"line":26,"column":8},"end":{"line":32,"column":7}},"14":{"start":{"line":27,"column":8},"end":{"line":27,"column":88}},"15":{"start":{"line":28,"column":8},"end":{"line":28,"column":32}},"16":{"start":{"line":31,"column":10},"end":{"line":31,"column":53}},"17":{"start":{"line":41,"column":2},"end":{"line":71,"column":3}},"18":{"start":{"line":53,"column":29},"end":{"line":53,"column":53}},"19":{"start":{"line":62,"column":29},"end":{"line":62,"column":55}}},"fnMap":{"0":{"name":"(anonymous_0)","decl":{"start":{"line":5,"column":17},"end":{"line":5,"column":18}},"loc":{"start":{"line":5,"column":23},"end":{"line":72,"column":1}},"line":5},"1":{"name":"(anonymous_1)","decl":{"start":{"line":11,"column":14},"end":{"line":11,"column":15}},"loc":{"start":{"line":11,"column":20},"end":{"line":22,"column":5}},"line":11},"2":{"name":"(anonymous_2)","decl":{"start":{"line":15,"column":16},"end":{"line":15,"column":17}},"loc":{"start":{"line":15,"column":27},"end":{"line":19,"column":11}},"line":15},"3":{"name":"(anonymous_3)","decl":{"start":{"line":20,"column":17},"end":{"line":20,"column":18}},"loc":{"start":{"line":20,"column":24},"end":{"line":20,"column":42}},"line":20},"4":{"name":"(anonymous_4)","decl":{"start":{"line":24,"column":22},"end":{"line":24,"column":23}},"loc":{"start":{"line":24,"column":32},"end":{"line":39,"column":5}},"line":24},"5":{"name":"(anonymous_5)","decl":{"start":{"line":53,"column":22},"end":{"line":53,"column":23}},"loc":{"start":{"line":53,"column":29},"end":{"line":53,"column":53}},"line":53},"6":{"name":"(anonymous_6)","decl":{"start":{"line":62,"column":22},"end":{"line":62,"column":23}},"loc":{"start":{"line":62,"column":29},"end":{"line":62,"column":55}},"line":62}},"branchMap":{},"s":{"0":1,"1":1,"2":1,"3":1,"4":1,"5":1,"6":1,"7":1,"8":0,"9":0,"10":0,"11":1,"12":0,"13":0,"14":0,"15":0,"16":0,"17":1,"18":0,"19":0},"f":{"0":1,"1":1,"2":0,"3":0,"4":0,"5":0,"6":0},"b":{},"_coverageSchema":"1a1c01bbd47fc00a2c39e90264f33305004495a9","hash":"07a7ee3a83e741885bd9547db35dc97a7efabe22"}
,"C:\\Users\\RAmsh\\OneDrive\\Desktop\\Blogg\\Blog-App\\my-app\\src\\Blog\\HomePage.js": {"path":"C:\\Users\\RAmsh\\OneDrive\\Desktop\\Blogg\\Blog-App\\my-app\\src\\Blog\\HomePage.js","statementMap":{"0":{"start":{"line":5,"column":17},"end":{"line":48,"column":1}},"1":{"start":{"line":7,"column":28},"end":{"line":7,"column":40}},"2":{"start":{"line":8,"column":2},"end":{"line":21,"column":9}},"3":{"start":{"line":9,"column":22},"end":{"line":19,"column":5}},"4":{"start":{"line":10,"column":6},"end":{"line":18,"column":7}},"5":{"start":{"line":11,"column":25},"end":{"line":11,"column":85}},"6":{"start":{"line":12,"column":22},"end":{"line":12,"column":35}},"7":{"start":{"line":13,"column":8},"end":{"line":13,"column":27}},"8":{"start":{"line":14,"column":8},"end":{"line":14,"column":23}},"9":{"start":{"line":15,"column":7},"end":{"line":15,"column":26}},"10":{"start":{"line":17,"column":8},"end":{"line":17,"column":54}},"11":{"start":{"line":20,"column":4},"end":{"line":20,"column":16}},"12":{"start":{"line":23,"column":18},"end":{"line":26,"column":4}},"13":{"start":{"line":24,"column":4},"end":{"line":24,"column":20}},"14":{"start":{"line":28,"column":2},"end":{"line":47,"column":4}},"15":{"start":{"line":35,"column":10},"end":{"line":42,"column":15}}},"fnMap":{"0":{"name":"(anonymous_0)","decl":{"start":{"line":5,"column":17},"end":{"line":5,"column":18}},"loc":{"start":{"line":5,"column":23},"end":{"line":48,"column":1}},"line":5},"1":{"name":"(anonymous_1)","decl":{"start":{"line":8,"column":12},"end":{"line":8,"column":13}},"loc":{"start":{"line":8,"column":18},"end":{"line":21,"column":3}},"line":8},"2":{"name":"(anonymous_2)","decl":{"start":{"line":9,"column":22},"end":{"line":9,"column":23}},"loc":{"start":{"line":9,"column":34},"end":{"line":19,"column":5}},"line":9},"3":{"name":"(anonymous_3)","decl":{"start":{"line":23,"column":18},"end":{"line":23,"column":19}},"loc":{"start":{"line":23,"column":24},"end":{"line":26,"column":4}},"line":23},"4":{"name":"(anonymous_4)","decl":{"start":{"line":34,"column":19},"end":{"line":34,"column":20}},"loc":{"start":{"line":35,"column":10},"end":{"line":42,"column":15}},"line":35}},"branchMap":{},"s":{"0":2,"1":3,"2":2,"3":0,"4":0,"5":0,"6":0,"7":0,"8":0,"9":0,"10":0,"11":0,"12":2,"13":0,"14":2,"15":0},"f":{"0":3,"1":0,"2":0,"3":0,"4":0},"b":{},"_coverageSchema":"1a1c01bbd47fc00a2c39e90264f33305004495a9","hash":"54c22481cb4628ac73093d0f3680676ddce10805"}
,"C:\\Users\\RAmsh\\OneDrive\\Desktop\\Blogg\\Blog-App\\my-app\\src\\Blog\\MainFrame.js": {"path":"C:\\Users\\RAmsh\\OneDrive\\Desktop\\Blogg\\Blog-App\\my-app\\src\\Blog\\MainFrame.js","statementMap":{"0":{"start":{"line":8,"column":18},"end":{"line":35,"column":1}},"1":{"start":{"line":9,"column":30},"end":{"line":9,"column":42}},"2":{"start":{"line":10,"column":4},"end":{"line":22,"column":11}},"3":{"start":{"line":11,"column":24},"end":{"line":20,"column":7}},"4":{"start":{"line":12,"column":8},"end":{"line":19,"column":9}},"5":{"start":{"line":13,"column":27},"end":{"line":13,"column":87}},"6":{"start":{"line":14,"column":24},"end":{"line":14,"column":37}},"7":{"start":{"line":15,"column":10},"end":{"line":15,"column":25}},"8":{"start":{"line":16,"column":9},"end":{"line":16,"column":28}},"9":{"start":{"line":18,"column":10},"end":{"line":18,"column":56}},"10":{"start":{"line":21,"column":6},"end":{"line":21,"column":18}},"11":{"start":{"line":23,"column":2},"end":{"line":34,"column":3}}},"fnMap":{"0":{"name":"(anonymous_0)","decl":{"start":{"line":8,"column":18},"end":{"line":8,"column":19}},"loc":{"start":{"line":8,"column":24},"end":{"line":35,"column":1}},"line":8},"1":{"name":"(anonymous_1)","decl":{"start":{"line":10,"column":14},"end":{"line":10,"column":15}},"loc":{"start":{"line":10,"column":20},"end":{"line":22,"column":5}},"line":10},"2":{"name":"(anonymous_2)","decl":{"start":{"line":11,"column":24},"end":{"line":11,"column":25}},"loc":{"start":{"line":11,"column":36},"end":{"line":20,"column":7}},"line":11}},"branchMap":{"0":{"loc":{"start":{"line":25,"column":8},"end":{"line":29,"column":26}},"type":"cond-expr","locations":[{"start":{"line":26,"column":7},"end":{"line":29,"column":14}},{"start":{"line":29,"column":15},"end":{"line":29,"column":26}}],"line":25}},"s":{"0":2,"1":7,"2":6,"3":4,"4":4,"5":4,"6":2,"7":2,"8":2,"9":1,"10":4,"11":6},"f":{"0":7,"1":4,"2":4},"b":{"0":[4,2]},"_coverageSchema":"1a1c01bbd47fc00a2c39e90264f33305004495a9","hash":"5148a5f5ce414151d794af2848ff236adfe8685a"}
,"C:\\Users\\RAmsh\\OneDrive\\Desktop\\Blogg\\Blog-App\\my-app\\src\\Blog\\PostPage.js": {"path":"C:\\Users\\RAmsh\\OneDrive\\Desktop\\Blogg\\Blog-App\\my-app\\src\\Blog\\PostPage.js","statementMap":{"0":{"start":{"line":8,"column":17},"end":{"line":8,"column":28}},"1":{"start":{"line":9,"column":2},"end":{"line":9,"column":17}},"2":{"start":{"line":10,"column":26},"end":{"line":10,"column":40}},"3":{"start":{"line":11,"column":19},"end":{"line":11,"column":32}},"4":{"start":{"line":13,"column":2},"end":{"line":26,"column":11}},"5":{"start":{"line":14,"column":22},"end":{"line":23,"column":5}},"6":{"start":{"line":15,"column":6},"end":{"line":22,"column":7}},"7":{"start":{"line":17,"column":25},"end":{"line":17,"column":91}},"8":{"start":{"line":18,"column":8},"end":{"line":18,"column":31}},"9":{"start":{"line":19,"column":8},"end":{"line":19,"column":52}},"10":{"start":{"line":21,"column":8},"end":{"line":21,"column":51}},"11":{"start":{"line":25,"column":4},"end":{"line":25,"column":16}},"12":{"start":{"line":29,"column":23},"end":{"line":36,"column":3}},"13":{"start":{"line":30,"column":4},"end":{"line":35,"column":5}},"14":{"start":{"line":31,"column":6},"end":{"line":32,"column":34}},"15":{"start":{"line":32,"column":20},"end":{"line":32,"column":33}},"16":{"start":{"line":34,"column":6},"end":{"line":34,"column":35}},"17":{"start":{"line":39,"column":2},"end":{"line":39,"column":118}},"18":{"start":{"line":39,"column":13},"end":{"line":39,"column":118}},"19":{"start":{"line":41,"column":2},"end":{"line":66,"column":4}}},"fnMap":{"0":{"name":"PostPage","decl":{"start":{"line":7,"column":9},"end":{"line":7,"column":17}},"loc":{"start":{"line":7,"column":20},"end":{"line":67,"column":1}},"line":7},"1":{"name":"(anonymous_1)","decl":{"start":{"line":13,"column":12},"end":{"line":13,"column":13}},"loc":{"start":{"line":13,"column":18},"end":{"line":26,"column":3}},"line":13},"2":{"name":"(anonymous_2)","decl":{"start":{"line":14,"column":22},"end":{"line":14,"column":23}},"loc":{"start":{"line":14,"column":34},"end":{"line":23,"column":5}},"line":14},"3":{"name":"(anonymous_3)","decl":{"start":{"line":29,"column":23},"end":{"line":29,"column":24}},"loc":{"start":{"line":29,"column":35},"end":{"line":36,"column":3}},"line":29},"4":{"name":"(anonymous_4)","decl":{"start":{"line":32,"column":14},"end":{"line":32,"column":15}},"loc":{"start":{"line":32,"column":20},"end":{"line":32,"column":33}},"line":32}},"branchMap":{"0":{"loc":{"start":{"line":39,"column":2},"end":{"line":39,"column":118}},"type":"if","locations":[{"start":{"line":39,"column":2},"end":{"line":39,"column":118}},{"start":{},"end":{}}],"line":39},"1":{"loc":{"start":{"line":55,"column":5},"end":{"line":55,"column":59}},"type":"binary-expr","locations":[{"start":{"line":55,"column":5},"end":{"line":55,"column":17}},{"start":{"line":55,"column":21},"end":{"line":55,"column":33}},{"start":{"line":55,"column":37},"end":{"line":55,"column":59}}],"line":55}},"s":{"0":12,"1":12,"2":12,"3":12,"4":12,"5":7,"6":7,"7":7,"8":5,"9":5,"10":1,"11":7,"12":12,"13":2,"14":2,"15":1,"16":1,"17":12,"18":7,"19":5},"f":{"0":12,"1":7,"2":7,"3":2,"4":1},"b":{"0":[7,5],"1":[5,1,1]},"_coverageSchema":"1a1c01bbd47fc00a2c39e90264f33305004495a9","hash":"02330350940a9e5cb59dec8254d7e37b13fc8c14"}
,"C:\\Users\\RAmsh\\OneDrive\\Desktop\\Blogg\\Blog-App\\my-app\\src\\Blog\\Root.js": {"path":"C:\\Users\\RAmsh\\OneDrive\\Desktop\\Blogg\\Blog-App\\my-app\\src\\Blog\\Root.js","statementMap":{"0":{"start":{"line":5,"column":13},"end":{"line":15,"column":1}},"1":{"start":{"line":6,"column":2},"end":{"line":14,"column":3}}},"fnMap":{"0":{"name":"(anonymous_0)","decl":{"start":{"line":5,"column":13},"end":{"line":5,"column":14}},"loc":{"start":{"line":5,"column":19},"end":{"line":15,"column":1}},"line":5}},"branchMap":{},"s":{"0":1,"1":4},"f":{"0":4},"b":{},"_coverageSchema":"1a1c01bbd47fc00a2c39e90264f33305004495a9","hash":"e7d20e1b57fee178fefabe48fdd2a95d59ec6fdb"}
,"C:\\Users\\RAmsh\\OneDrive\\Desktop\\Blogg\\Blog-App\\my-app\\src\\Blog\\SideBar.js": {"path":"C:\\Users\\RAmsh\\OneDrive\\Desktop\\Blogg\\Blog-App\\my-app\\src\\Blog\\SideBar.js","statementMap":{"0":{"start":{"line":4,"column":16},"end":{"line":20,"column":1}},"1":{"start":{"line":5,"column":2},"end":{"line":19,"column":3}}},"fnMap":{"0":{"name":"(anonymous_0)","decl":{"start":{"line":4,"column":16},"end":{"line":4,"column":17}},"loc":{"start":{"line":4,"column":22},"end":{"line":20,"column":1}},"line":4}},"branchMap":{},"s":{"0":2,"1":4},"f":{"0":4},"b":{},"_coverageSchema":"1a1c01bbd47fc00a2c39e90264f33305004495a9","hash":"0d000ca35796301c3a338c1f5efe857a1fe3abf9"}
}
