TN:
SF:src\App.js
FN:12,(anonymous_0)
FNF:1
FNH:0
FNDA:0,(anonymous_0)
DA:12,1
DA:13,0
DA:26,0
LF:3
LH:1
BRF:0
BRH:0
end_of_record
TN:
SF:src\Sum.js
FN:1,sum
FNF:1
FNH:1
FNDA:1,sum
DA:2,1
DA:5,1
LF:2
LH:2
BRF:0
BRH:0
end_of_record
TN:
SF:src\index.js
FNF:0
FNH:0
DA:9,0
DA:10,0
DA:11,0
LF:3
LH:0
BRDA:9,0,0,0
BRDA:9,0,1,0
BRF:2
BRH:0
end_of_record
TN:
SF:src\reportWebVitals.js
FNF:0
FNH:0
LF:0
LH:0
BRF:0
BRH:0
end_of_record
TN:
SF:src\setupTests.js
FNF:0
FNH:0
LF:0
LH:0
BRF:0
BRH:0
end_of_record
TN:
SF:src\Blog\CreatePost.js
FN:5,(anonymous_0)
FN:10,(anonymous_1)
FN:37,(anonymous_2)
FN:48,(anonymous_3)
FN:56,(anonymous_4)
FNF:5
FNH:5
FNDA:17,(anonymous_0)
FNDA:3,(anonymous_1)
FNDA:4,(anonymous_2)
FNDA:4,(anonymous_3)
FNDA:1,(anonymous_4)
DA:5,2
DA:6,17
DA:7,17
DA:8,17
DA:10,17
DA:11,3
DA:12,3
DA:13,1
DA:14,1
DA:17,2
DA:18,2
DA:19,1
DA:21,1
DA:22,1
DA:26,17
DA:37,4
DA:48,4
DA:56,1
LF:18
LH:18
BRDA:12,0,0,1
BRDA:12,0,1,2
BRDA:12,1,0,3
BRDA:12,1,1,2
BRF:4
BRH:4
end_of_record
TN:
SF:src\Blog\EditPost.js
FN:5,(anonymous_0)
FN:11,(anonymous_1)
FN:15,(anonymous_2)
FN:20,(anonymous_3)
FN:24,(anonymous_4)
FN:53,(anonymous_5)
FN:62,(anonymous_6)
FNF:7
FNH:2
FNDA:1,(anonymous_0)
FNDA:1,(anonymous_1)
FNDA:0,(anonymous_2)
FNDA:0,(anonymous_3)
FNDA:0,(anonymous_4)
FNDA:0,(anonymous_5)
FNDA:0,(anonymous_6)
DA:5,1
DA:6,1
DA:7,1
DA:8,1
DA:9,1
DA:11,1
DA:12,1
DA:14,1
DA:17,0
DA:18,0
DA:20,0
DA:24,1
DA:25,0
DA:26,0
DA:27,0
DA:28,0
DA:31,0
DA:41,1
DA:53,0
DA:62,0
LF:20
LH:10
BRF:0
BRH:0
end_of_record
TN:
SF:src\Blog\HomePage.js
FN:5,(anonymous_0)
FN:8,(anonymous_1)
FN:9,(anonymous_2)
FN:23,(anonymous_3)
FN:34,(anonymous_4)
FNF:5
FNH:1
FNDA:3,(anonymous_0)
FNDA:0,(anonymous_1)
FNDA:0,(anonymous_2)
FNDA:0,(anonymous_3)
FNDA:0,(anonymous_4)
DA:5,2
DA:7,3
DA:8,2
DA:9,0
DA:10,0
DA:11,0
DA:12,0
DA:13,0
DA:14,0
DA:15,0
DA:17,0
DA:20,0
DA:23,2
DA:24,0
DA:28,2
DA:35,0
LF:16
LH:5
BRF:0
BRH:0
end_of_record
TN:
SF:src\Blog\MainFrame.js
FN:8,(anonymous_0)
FN:10,(anonymous_1)
FN:11,(anonymous_2)
FNF:3
FNH:3
FNDA:7,(anonymous_0)
FNDA:4,(anonymous_1)
FNDA:4,(anonymous_2)
DA:8,2
DA:9,7
DA:10,6
DA:11,4
DA:12,4
DA:13,4
DA:14,2
DA:15,2
DA:16,2
DA:18,1
DA:21,4
DA:23,6
LF:12
LH:12
BRDA:25,0,0,4
BRDA:25,0,1,2
BRF:2
BRH:2
end_of_record
TN:
SF:src\Blog\PostPage.js
FN:7,PostPage
FN:13,(anonymous_1)
FN:14,(anonymous_2)
FN:29,(anonymous_3)
FN:32,(anonymous_4)
FNF:5
FNH:5
FNDA:12,PostPage
FNDA:7,(anonymous_1)
FNDA:7,(anonymous_2)
FNDA:2,(anonymous_3)
FNDA:1,(anonymous_4)
DA:8,12
DA:9,12
DA:10,12
DA:11,12
DA:13,12
DA:14,7
DA:15,7
DA:17,7
DA:18,5
DA:19,5
DA:21,1
DA:25,7
DA:29,12
DA:30,2
DA:31,2
DA:32,1
DA:34,1
DA:39,12
DA:41,5
LF:19
LH:19
BRDA:39,0,0,7
BRDA:39,0,1,5
BRDA:55,1,0,5
BRDA:55,1,1,1
BRDA:55,1,2,1
BRF:5
BRH:5
end_of_record
TN:
SF:src\Blog\Root.js
FN:5,(anonymous_0)
FNF:1
FNH:1
FNDA:4,(anonymous_0)
DA:5,1
DA:6,4
LF:2
LH:2
BRF:0
BRH:0
end_of_record
TN:
SF:src\Blog\SideBar.js
FN:4,(anonymous_0)
FNF:1
FNH:1
FNDA:4,(anonymous_0)
DA:4,2
DA:5,4
LF:2
LH:2
BRF:0
BRH:0
end_of_record
